2021-06-06 20:15:28,299 The CSV files are
2021-06-06 20:15:28,300 Appliances
2021-06-06 20:15:28,300 Beauty & Personal Care
2021-06-06 20:15:28,300 Board Games
2021-06-06 20:15:28,300 Boy Jewelry
2021-06-06 20:15:28,300 Card Games
2021-06-06 20:15:28,300 Clothing, Shoes & Jewelry
2021-06-06 20:15:28,300 Electronics
2021-06-06 20:15:28,300 Girl Jewelry
2021-06-06 20:15:28,300 Handmade
2021-06-06 20:15:28,300 Men Bags
2021-06-06 20:15:28,300 Men Hoodies
2021-06-06 20:15:28,300 Men Watches
2021-06-06 20:15:28,300 Office Products
2021-06-06 20:15:28,300 Power Tools
2021-06-06 20:15:28,300 Sports & Outdoors
2021-06-06 20:15:28,300 Tools & Home Improvement
2021-06-06 20:15:28,300 Toys & Games
2021-06-06 20:15:28,300 Women Jewelry
2021-06-06 20:15:28,300 Women Wallets
2021-06-06 20:15:28,300 
2021-06-06 20:15:28,301 Current file is Appliances
2021-06-06 20:15:28,301 Current category is Appliances
2021-06-06 20:15:28,657 Appliances csv file has been generated
2021-06-06 20:15:28,668 Appliances html file has been generated
2021-06-06 20:15:28,668 
2021-06-06 20:15:28,668 Current file is Beauty & Personal Care
2021-06-06 20:15:28,668 Current category is Beauty & Personal Care
2021-06-06 20:15:28,992 Beauty & Personal Care csv file has been generated
2021-06-06 20:15:29,005 Beauty & Personal Care html file has been generated
2021-06-06 20:15:29,005 
2021-06-06 20:15:29,005 Current file is Board Games
2021-06-06 20:15:29,005 Current category is Toys & Games
2021-06-06 20:15:29,233 Board Games csv file has been generated
2021-06-06 20:15:29,245 Board Games html file has been generated
2021-06-06 20:15:29,245 
2021-06-06 20:15:29,245 Current file is Boy Jewelry
2021-06-06 20:15:29,245 Current category is Clothing, Shoes & Jewelry
2021-06-06 20:15:29,908 Boy Jewelry csv file has been generated
2021-06-06 20:15:29,933 Boy Jewelry html file has been generated
2021-06-06 20:15:29,933 
2021-06-06 20:15:29,933 Current file is Card Games
2021-06-06 20:15:29,933 Current category is Toys & Games
2021-06-06 20:15:30,169 Card Games csv file has been generated
2021-06-06 20:15:30,181 Card Games html file has been generated
2021-06-06 20:15:30,182 
2021-06-06 20:15:30,182 Current file is Clothing, Shoes & Jewelry
2021-06-06 20:15:30,182 Current category is Clothing, Shoes & Jewelry
2021-06-06 20:15:30,792 Clothing, Shoes & Jewelry csv file has been generated
2021-06-06 20:15:30,817 Clothing, Shoes & Jewelry html file has been generated
2021-06-06 20:15:30,818 
2021-06-06 20:15:30,818 Current file is Electronics
2021-06-06 20:15:30,818 Current category is Electronics
2021-06-06 20:15:31,118 Electronics csv file has been generated
2021-06-06 20:15:31,165 Electronics html file has been generated
2021-06-06 20:15:31,165 
2021-06-06 20:15:31,165 Current file is Girl Jewelry
2021-06-06 20:15:31,165 Current category is Clothing, Shoes & Jewelry
2021-06-06 20:15:31,765 Girl Jewelry csv file has been generated
2021-06-06 20:15:31,793 Girl Jewelry html file has been generated
2021-06-06 20:15:31,793 
2021-06-06 20:15:31,793 Current file is Handmade
2021-06-06 20:15:31,793 Current category is Handmade
2021-06-06 20:15:31,897 Handmade csv file has been generated
2021-06-06 20:15:31,928 Handmade html file has been generated
2021-06-06 20:15:31,928 
2021-06-06 20:15:31,928 Current file is Men Bags
2021-06-06 20:15:31,928 Current category is Clothing, Shoes & Jewelry
2021-06-06 20:15:32,530 Men Bags csv file has been generated
2021-06-06 20:15:32,555 Men Bags html file has been generated
2021-06-06 20:15:32,555 
2021-06-06 20:15:32,555 Current file is Men Hoodies
2021-06-06 20:15:32,556 Current category is Clothing, Shoes & Jewelry
2021-06-06 20:15:33,210 Men Hoodies csv file has been generated
2021-06-06 20:15:33,248 Men Hoodies html file has been generated
2021-06-06 20:15:33,248 
2021-06-06 20:15:33,248 Current file is Men Watches
2021-06-06 20:15:33,248 Current category is Clothing, Shoes & Jewelry
2021-06-06 20:15:33,915 Men Watches csv file has been generated
2021-06-06 20:15:33,939 Men Watches html file has been generated
2021-06-06 20:15:33,939 
2021-06-06 20:15:33,939 Current file is Office Products
2021-06-06 20:15:33,939 Current category is Office Products
2021-06-06 20:15:34,104 Office Products csv file has been generated
2021-06-06 20:15:34,112 Office Products html file has been generated
2021-06-06 20:15:34,112 
2021-06-06 20:15:34,112 Current file is Power Tools
2021-06-06 20:15:34,112 Current category is Tools & Home Improvement
2021-06-06 20:15:34,435 Power Tools csv file has been generated
2021-06-06 20:15:34,437 Power Tools html file has been generated
2021-06-06 20:15:34,437 
2021-06-06 20:15:34,437 Current file is Sports & Outdoors
2021-06-06 20:15:34,437 Current category is Sports & Outdoors
2021-06-06 20:15:34,832 Sports & Outdoors csv file has been generated
2021-06-06 20:15:34,843 Sports & Outdoors html file has been generated
2021-06-06 20:15:34,843 
2021-06-06 20:15:34,843 Current file is Tools & Home Improvement
2021-06-06 20:15:34,843 Current category is Tools & Home Improvement
2021-06-06 20:15:35,208 Tools & Home Improvement csv file has been generated
2021-06-06 20:15:35,210 Tools & Home Improvement html file has been generated
2021-06-06 20:15:35,210 
2021-06-06 20:15:35,210 Current file is Toys & Games
2021-06-06 20:15:35,210 Current category is Toys & Games
2021-06-06 20:15:35,448 Toys & Games csv file has been generated
2021-06-06 20:15:35,461 Toys & Games html file has been generated
2021-06-06 20:15:35,461 
2021-06-06 20:15:35,461 Current file is Women Jewelry
2021-06-06 20:15:35,461 Current category is Clothing, Shoes & Jewelry
2021-06-06 20:15:36,048 Women Jewelry csv file has been generated
2021-06-06 20:15:36,077 Women Jewelry html file has been generated
2021-06-06 20:15:36,077 
2021-06-06 20:15:36,077 Current file is Women Wallets
2021-06-06 20:15:36,077 Current category is Clothing, Shoes & Jewelry
2021-06-06 20:15:36,693 Women Wallets csv file has been generated
2021-06-06 20:15:36,721 Women Wallets html file has been generated
2021-06-06 20:15:36,721 
